<?xml version="1.0" encoding="UTF-8"?>
<!-- Generated by org.testng.reporters.JUnitXMLReporter -->
<testsuite ignored="0" hostname="Shruti" failures="1" tests="2" name="Error Valdidation Test" time="6.213" errors="0" timestamp="2024-08-21T17:50:56 IST">
  <testcase classname="magicedtech.content.tests.ErrorValidationsTest" name="LoginErrorValidation" time="0.693"/>
  <testcase classname="magicedtech.content.tests.ErrorValidationsTest" name="ProductErrorValidation" time="0.821">
    <failure type="java.lang.NullPointerException" message="Cannot invoke &amp;quot;org.openqa.selenium.WebElement.findElement(org.openqa.selenium.By)&amp;quot; because &amp;quot;prod&amp;quot; is null">
      <![CDATA[java.lang.NullPointerException: Cannot invoke "org.openqa.selenium.WebElement.findElement(org.openqa.selenium.By)" because "prod" is null
at magicedtech.content.pageobjects.ProductCatalogue.addProductToCart(ProductCatalogue.java:50)
at magicedtech.content.tests.ErrorValidationsTest.ProductErrorValidation(ErrorValidationsTest.java:28)
at java.base/java.util.ArrayList.forEach(ArrayList.java:1596)
... Removed 25 stack frames]]>
    </failure>
  </testcase> <!-- ProductErrorValidation -->
</testsuite> <!-- Error Valdidation Test -->
