<?xml version="1.0" encoding="UTF-8"?>
<!-- Generated by org.testng.reporters.JUnitXMLReporter -->
<testsuite ignored="0" hostname="Shruti" failures="1" tests="3" name="Error Valiidation Test" time="15.449" errors="0" timestamp="2024-08-24T19:28:38 IST">
  <testcase classname="magicedtech.content.tests.ErrorValidationsTest" name="LoginErrorValidation" time="1.25">
    <skipped/>
  </testcase> <!-- LoginErrorValidation -->
  <testcase classname="magicedtech.content.tests.ErrorValidationsTest" name="LoginErrorValidation" time="0.664">
    <failure type="java.lang.AssertionError" message="expected [Incorrect email or password.] but found [Incorrect email password.]">
      <![CDATA[java.lang.AssertionError: expected [Incorrect email or password.] but found [Incorrect email password.]
at magicedtech.content.tests.ErrorValidationsTest.LoginErrorValidation(ErrorValidationsTest.java:19)
at java.base/java.util.ArrayList.forEach(ArrayList.java:1596)
at java.base/java.util.concurrent.FutureTask.run(FutureTask.java:317)
at java.base/java.util.concurrent.ThreadPoolExecutor.runWorker(ThreadPoolExecutor.java:1144)
at java.base/java.util.concurrent.ThreadPoolExecutor$Worker.run(ThreadPoolExecutor.java:642)
at java.base/java.lang.Thread.run(Thread.java:1583)
... Removed 21 stack frames]]>
    </failure>
  </testcase> <!-- LoginErrorValidation -->
  <testcase classname="magicedtech.content.tests.ErrorValidationsTest" name="ProductErrorValidation" time="5.17"/>
</testsuite> <!-- Error Valiidation Test -->
