<?xml version="1.0" encoding="UTF-8"?>
<!-- Generated by org.testng.reporters.JUnitXMLReporter -->
<testsuite ignored="0" hostname="Shruti" failures="0" tests="3" name="Submit Order Test" time="38.168" errors="0" timestamp="2024-08-24T19:29:01 IST">
  <testcase classname="magicedtech.content.tests.SubmitOrderTest" name="submitOrder" time="13.504"/>
  <testcase classname="magicedtech.content.tests.SubmitOrderTest" name="submitOrder" time="14.815"/>
  <testcase classname="magicedtech.content.tests.SubmitOrderTest" name="orderHistory" time="0.825"/>
</testsuite> <!-- Submit Order Test -->
