<?xml version="1.0" encoding="UTF-8"?>
<!-- Generated by org.testng.reporters.JUnitXMLReporter -->
<testsuite ignored="0" hostname="Shruti" failures="0" tests="2" name="Error Valiidation Test" time="35.566" errors="0" timestamp="2024-09-02T10:40:41 IST">
  <testcase classname="magicedtech.content.tests.ErrorValidationsTest" name="LoginErrorValidation" time="0.994"/>
  <testcase classname="magicedtech.content.tests.ErrorValidationsTest" name="ProductErrorValidation" time="27.389"/>
</testsuite> <!-- Error Valiidation Test -->
