<?xml version="1.0" encoding="UTF-8"?>
<!-- Generated by org.testng.reporters.JUnitXMLReporter -->
<testsuite ignored="0" hostname="Shruti" failures="0" tests="3" name="Submit Order Test" time="45.422" errors="0" timestamp="2024-09-02T10:40:50 IST">
  <testcase classname="magicedtech.content.tests.SubmitOrderTest" name="submitOrder" time="18.509"/>
  <testcase classname="magicedtech.content.tests.SubmitOrderTest" name="submitOrder" time="18.28"/>
  <testcase classname="magicedtech.content.tests.SubmitOrderTest" name="orderHistory" time="0.658"/>
</testsuite> <!-- Submit Order Test -->
