<?xml version="1.0" encoding="UTF-8"?>
<testng-results ignored="0" total="5" passed="5" failed="0" skipped="0">
  <reporter-output>
  </reporter-output>
  <suite started-at="2024-09-02T10:40:05 IST" name="Suite" finished-at="2024-09-02T10:40:50 IST" duration-ms="45422">
    <groups>
      <group name="ErrorHandling">
        <method signature="ErrorValidationsTest.LoginErrorValidation()[pri:0, instance:magicedtech.content.tests.ErrorValidationsTest@6e535154]" name="LoginErrorValidation" class="magicedtech.content.tests.ErrorValidationsTest"/>
      </group> <!-- ErrorHandling -->
      <group name="Purchase">
        <method signature="SubmitOrderTest.submitOrder(java.util.HashMap)[pri:0, instance:magicedtech.content.tests.SubmitOrderTest@5524cca1]" name="submitOrder" class="magicedtech.content.tests.SubmitOrderTest"/>
      </group> <!-- Purchase -->
    </groups>
    <test started-at="2024-09-02T10:40:05 IST" name="Error Valiidation Test" finished-at="2024-09-02T10:40:40 IST" duration-ms="35566">
      <class name="magicedtech.content.tests.ErrorValidationsTest">
        <test-method is-config="true" signature="launchApplication()[pri:0, instance:magicedtech.content.tests.ErrorValidationsTest@6e535154]" started-at="2024-09-02T10:40:05 IST" name="launchApplication" finished-at="2024-09-02T10:40:09 IST" duration-ms="4366" status="PASS">
          <reporter-output>
          </reporter-output>
        </test-method> <!-- launchApplication -->
        <test-method signature="LoginErrorValidation()[pri:0, instance:magicedtech.content.tests.ErrorValidationsTest@6e535154]" started-at="2024-09-02T10:40:09 IST" name="LoginErrorValidation" finished-at="2024-09-02T10:40:10 IST" duration-ms="994" status="PASS">
          <reporter-output>
          </reporter-output>
        </test-method> <!-- LoginErrorValidation -->
        <test-method is-config="true" signature="tearDown()[pri:0, instance:magicedtech.content.tests.ErrorValidationsTest@6e535154]" started-at="2024-09-02T10:40:10 IST" name="tearDown" finished-at="2024-09-02T10:40:10 IST" duration-ms="91" status="PASS">
          <reporter-output>
          </reporter-output>
        </test-method> <!-- tearDown -->
        <test-method is-config="true" signature="launchApplication()[pri:0, instance:magicedtech.content.tests.ErrorValidationsTest@6e535154]" started-at="2024-09-02T10:40:10 IST" name="launchApplication" finished-at="2024-09-02T10:40:13 IST" duration-ms="2553" status="PASS">
          <reporter-output>
          </reporter-output>
        </test-method> <!-- launchApplication -->
        <test-method signature="ProductErrorValidation()[pri:0, instance:magicedtech.content.tests.ErrorValidationsTest@6e535154]" started-at="2024-09-02T10:40:13 IST" name="ProductErrorValidation" finished-at="2024-09-02T10:40:40 IST" duration-ms="27389" status="PASS">
          <reporter-output>
          </reporter-output>
        </test-method> <!-- ProductErrorValidation -->
        <test-method is-config="true" signature="tearDown()[pri:0, instance:magicedtech.content.tests.ErrorValidationsTest@6e535154]" started-at="2024-09-02T10:40:40 IST" name="tearDown" finished-at="2024-09-02T10:40:40 IST" duration-ms="106" status="PASS">
          <reporter-output>
          </reporter-output>
        </test-method> <!-- tearDown -->
      </class> <!-- magicedtech.content.tests.ErrorValidationsTest -->
    </test> <!-- Error Valiidation Test -->
    <test started-at="2024-09-02T10:40:05 IST" name="Submit Order Test" finished-at="2024-09-02T10:40:50 IST" duration-ms="45422">
      <class name="magicedtech.content.tests.SubmitOrderTest">
        <test-method is-config="true" signature="launchApplication()[pri:0, instance:magicedtech.content.tests.SubmitOrderTest@5524cca1]" started-at="2024-09-02T10:40:05 IST" name="launchApplication" finished-at="2024-09-02T10:40:08 IST" duration-ms="3098" status="PASS">
          <reporter-output>
          </reporter-output>
        </test-method> <!-- launchApplication -->
        <test-method signature="submitOrder(java.util.HashMap)[pri:0, instance:magicedtech.content.tests.SubmitOrderTest@5524cca1]" started-at="2024-09-02T10:40:08 IST" name="submitOrder" data-provider="getData" finished-at="2024-09-02T10:40:27 IST" duration-ms="18509" status="PASS">
          <params>
            <param index="0">
              <value>
                <![CDATA[{password=Vibhor@123, product=ZARA COAT 3, email=vibhor@gmail.com}]]>
              </value>
            </param>
          </params>
          <reporter-output>
          </reporter-output>
        </test-method> <!-- submitOrder -->
        <test-method is-config="true" signature="tearDown()[pri:0, instance:magicedtech.content.tests.SubmitOrderTest@5524cca1]" started-at="2024-09-02T10:40:27 IST" name="tearDown" finished-at="2024-09-02T10:40:27 IST" duration-ms="57" status="PASS">
          <reporter-output>
          </reporter-output>
        </test-method> <!-- tearDown -->
        <test-method is-config="true" signature="launchApplication()[pri:0, instance:magicedtech.content.tests.SubmitOrderTest@5524cca1]" started-at="2024-09-02T10:40:27 IST" name="launchApplication" finished-at="2024-09-02T10:40:29 IST" duration-ms="1875" status="PASS">
          <reporter-output>
          </reporter-output>
        </test-method> <!-- launchApplication -->
        <test-method signature="submitOrder(java.util.HashMap)[pri:0, instance:magicedtech.content.tests.SubmitOrderTest@5524cca1]" started-at="2024-09-02T10:40:29 IST" name="submitOrder" data-provider="getData" finished-at="2024-09-02T10:40:47 IST" duration-ms="18280" status="PASS">
          <params>
            <param index="0">
              <value>
                <![CDATA[{password=Charu@123, product=ZARA COAT 3, email=charu23@gmail.com}]]>
              </value>
            </param>
          </params>
          <reporter-output>
          </reporter-output>
        </test-method> <!-- submitOrder -->
        <test-method is-config="true" signature="tearDown()[pri:0, instance:magicedtech.content.tests.SubmitOrderTest@5524cca1]" started-at="2024-09-02T10:40:47 IST" name="tearDown" finished-at="2024-09-02T10:40:47 IST" duration-ms="64" status="PASS">
          <reporter-output>
          </reporter-output>
        </test-method> <!-- tearDown -->
        <test-method is-config="true" signature="launchApplication()[pri:0, instance:magicedtech.content.tests.SubmitOrderTest@5524cca1]" started-at="2024-09-02T10:40:47 IST" name="launchApplication" finished-at="2024-09-02T10:40:50 IST" duration-ms="2423" status="PASS">
          <reporter-output>
          </reporter-output>
        </test-method> <!-- launchApplication -->
        <test-method signature="orderHistory()[pri:0, instance:magicedtech.content.tests.SubmitOrderTest@5524cca1]" started-at="2024-09-02T10:40:50 IST" name="orderHistory" finished-at="2024-09-02T10:40:50 IST" depends-on-methods="magicedtech.content.tests.SubmitOrderTest.submitOrder" duration-ms="658" status="PASS">
          <reporter-output>
          </reporter-output>
        </test-method> <!-- orderHistory -->
        <test-method is-config="true" signature="tearDown()[pri:0, instance:magicedtech.content.tests.SubmitOrderTest@5524cca1]" started-at="2024-09-02T10:40:50 IST" name="tearDown" finished-at="2024-09-02T10:40:50 IST" duration-ms="97" status="PASS">
          <reporter-output>
          </reporter-output>
        </test-method> <!-- tearDown -->
      </class> <!-- magicedtech.content.tests.SubmitOrderTest -->
    </test> <!-- Submit Order Test -->
  </suite> <!-- Suite -->
</testng-results>
